# JRE version: OpenJDK Runtime Environment Microsoft-7208460 (11.0.18+10) (build 11.0.18+10-LTS)
# Java VM: OpenJDK 64-Bit Server VM Microsoft-7208460 (11.0.18+10-LTS, mixed mode, tiered, compressed oops, g1 gc, windows-amd64)
Heap:
 garbage-first heap   total 139264K, used 97679K [0x00000000a0000000, 0x0000000100000000)
  region size 1024K, 22 young (22528K), 4 survivors (4096K)
 Metaspace       used 81292K, capacity 83560K, committed 83664K, reserved 1122304K
  class space    used 10528K, capacity 11349K, committed 11392K, reserved 1048576K
GC Heap History (20 events):
Event: 16.350 GC heap before
{Heap before GC invocations=38 (full 0):
 garbage-first heap   total 96256K, used 79695K [0x00000000a0000000, 0x0000000100000000)
  region size 1024K, 10 young (10240K), 2 survivors (2048K)
 Metaspace       used 73776K, capacity 75715K, committed 75984K, reserved 1116160K
  class space    used 9294K, capacity 10004K, committed 10112K, reserved 1048576K
}
Event: 16.353 GC heap after
{Heap after GC invocations=39 (full 0):
 garbage-first heap   total 96256K, used 72261K [0x00000000a0000000, 0x0000000100000000)
  region size 1024K, 2 young (2048K), 2 survivors (2048K)
 Metaspace       used 73776K, capacity 75715K, committed 75984K, reserved 1116160K
  class space    used 9294K, capacity 10004K, committed 10112K, reserved 1048576K
}
Event: 16.404 GC heap before
{Heap before GC invocations=39 (full 0):
 garbage-first heap   total 96256K, used 79429K [0x00000000a0000000, 0x0000000100000000)
  region size 1024K, 9 young (9216K), 2 survivors (2048K)
 Metaspace       used 73810K, capacity 75849K, committed 75984K, reserved 1116160K
  class space    used 9299K, capacity 10006K, committed 10112K, reserved 1048576K
}
Event: 16.409 GC heap after
{Heap after GC invocations=40 (full 0):
 garbage-first heap   total 96256K, used 72866K [0x00000000a0000000, 0x0000000100000000)
  region size 1024K, 1 young (1024K), 1 survivors (1024K)
 Metaspace       used 73810K, capacity 75849K, committed 75984K, reserved 1116160K
  class space    used 9299K, capacity 10006K, committed 10112K, reserved 1048576K
}
Event: 16.510 GC heap before
{Heap before GC invocations=41 (full 0):
 garbage-first heap   total 96256K, used 80034K [0x00000000a0000000, 0x0000000100000000)
  region size 1024K, 8 young (8192K), 1 survivors (1024K)
 Metaspace       used 73981K, capacity 76023K, committed 76240K, reserved 1116160K
  class space    used 9334K, capacity 10043K, committed 10112K, reserved 1048576K
}
Event: 16.512 GC heap after
{Heap after GC invocations=42 (full 0):
 garbage-first heap   total 115712K, used 73282K [0x00000000a0000000, 0x0000000100000000)
  region size 1024K, 1 young (1024K), 1 survivors (1024K)
 Metaspace       used 73981K, capacity 76023K, committed 76240K, reserved 1116160K
  class space    used 9334K, capacity 10043K, committed 10112K, reserved 1048576K
}
Event: 16.600 GC heap before
{Heap before GC invocations=42 (full 0):
 garbage-first heap   total 115712K, used 87618K [0x00000000a0000000, 0x0000000100000000)
  region size 1024K, 15 young (15360K), 1 survivors (1024K)
 Metaspace       used 74104K, capacity 76079K, committed 76240K, reserved 1116160K
  class space    used 9358K, capacity 10082K, committed 10112K, reserved 1048576K
}
Event: 16.603 GC heap after
{Heap after GC invocations=43 (full 0):
 garbage-first heap   total 115712K, used 73995K [0x00000000a0000000, 0x0000000100000000)
  region size 1024K, 2 young (2048K), 2 survivors (2048K)
 Metaspace       used 74104K, capacity 76079K, committed 76240K, reserved 1116160K
  class space    used 9358K, capacity 10082K, committed 10112K, reserved 1048576K
}
Event: 16.773 GC heap before
{Heap before GC invocations=44 (full 0):
 garbage-first heap   total 115712K, used 88331K [0x00000000a0000000, 0x0000000100000000)
  region size 1024K, 16 young (16384K), 2 survivors (2048K)
 Metaspace       used 74478K, capacity 76600K, committed 76880K, reserved 1116160K
  class space    used 9422K, capacity 10174K, committed 10240K, reserved 1048576K
}
Event: 16.775 GC heap after
{Heap after GC invocations=45 (full 0):
 garbage-first heap   total 115712K, used 74559K [0x00000000a0000000, 0x0000000100000000)
  region size 1024K, 2 young (2048K), 2 survivors (2048K)
 Metaspace       used 74478K, capacity 76600K, committed 76880K, reserved 1116160K
  class space    used 9422K, capacity 10174K, committed 10240K, reserved 1048576K
}
Event: 17.006 GC heap before
{Heap before GC invocations=45 (full 0):
 garbage-first heap   total 115712K, used 89919K [0x00000000a0000000, 0x0000000100000000)
  region size 1024K, 17 young (17408K), 2 survivors (2048K)
 Metaspace       used 75171K, capacity 77313K, committed 77520K, reserved 1116160K
  class space    used 9556K, capacity 10327K, committed 10368K, reserved 1048576K
}
Event: 17.010 GC heap after
{Heap after GC invocations=46 (full 0):
 garbage-first heap   total 115712K, used 74982K [0x00000000a0000000, 0x0000000100000000)
  region size 1024K, 2 young (2048K), 2 survivors (2048K)
 Metaspace       used 75171K, capacity 77313K, committed 77520K, reserved 1116160K
  class space    used 9556K, capacity 10327K, committed 10368K, reserved 1048576K
}
Event: 17.111 GC heap before
{Heap before GC invocations=47 (full 0):
 garbage-first heap   total 115712K, used 91366K [0x00000000a0000000, 0x0000000100000000)
  region size 1024K, 18 young (18432K), 2 survivors (2048K)
 Metaspace       used 75229K, capacity 77319K, committed 77520K, reserved 1116160K
  class space    used 9562K, capacity 10329K, committed 10368K, reserved 1048576K
}
Event: 17.114 GC heap after
{Heap after GC invocations=48 (full 0):
 garbage-first heap   total 115712K, used 75820K [0x00000000a0000000, 0x0000000100000000)
  region size 1024K, 2 young (2048K), 2 survivors (2048K)
 Metaspace       used 75229K, capacity 77319K, committed 77520K, reserved 1116160K
  class space    used 9562K, capacity 10329K, committed 10368K, reserved 1048576K
}
Event: 17.251 GC heap before
{Heap before GC invocations=48 (full 0):
 garbage-first heap   total 115712K, used 92204K [0x00000000a0000000, 0x0000000100000000)
  region size 1024K, 18 young (18432K), 2 survivors (2048K)
 Metaspace       used 75373K, capacity 77479K, committed 77520K, reserved 1116160K
  class space    used 9578K, capacity 10338K, committed 10368K, reserved 1048576K
}
Event: 17.257 GC heap after
{Heap after GC invocations=49 (full 0):
 garbage-first heap   total 139264K, used 76888K [0x00000000a0000000, 0x0000000100000000)
  region size 1024K, 3 young (3072K), 3 survivors (3072K)
 Metaspace       used 75373K, capacity 77479K, committed 77520K, reserved 1116160K
  class space    used 9578K, capacity 10338K, committed 10368K, reserved 1048576K
}
Event: 17.646 GC heap before
{Heap before GC invocations=50 (full 0):
 garbage-first heap   total 139264K, used 102488K [0x00000000a0000000, 0x0000000100000000)
  region size 1024K, 28 young (28672K), 3 survivors (3072K)
 Metaspace       used 76840K, capacity 79071K, committed 79312K, reserved 1118208K
  class space    used 9765K, capacity 10549K, committed 10624K, reserved 1048576K
}
Event: 17.650 GC heap after
{Heap after GC invocations=51 (full 0):
 garbage-first heap   total 139264K, used 78895K [0x00000000a0000000, 0x0000000100000000)
  region size 1024K, 4 young (4096K), 4 survivors (4096K)
 Metaspace       used 76840K, capacity 79071K, committed 79312K, reserved 1118208K
  class space    used 9765K, capacity 10549K, committed 10624K, reserved 1048576K
}
Event: 18.296 GC heap before
{Heap before GC invocations=51 (full 0):
 garbage-first heap   total 139264K, used 103471K [0x00000000a0000000, 0x0000000100000000)
  region size 1024K, 29 young (29696K), 4 survivors (4096K)
 Metaspace       used 79521K, capacity 81732K, committed 81872K, reserved 1120256K
  class space    used 10273K, capacity 11072K, committed 11136K, reserved 1048576K
}
Event: 18.304 GC heap after
{Heap after GC invocations=52 (full 0):
 garbage-first heap   total 139264K, used 80271K [0x00000000a0000000, 0x0000000100000000)
  region size 1024K, 4 young (4096K), 4 survivors (4096K)
 Metaspace       used 79521K, capacity 81732K, committed 81872K, reserved 1120256K
  class space    used 10273K, capacity 11072K, committed 11136K, reserved 1048576K
}

